Build started 06/02/2015 13:58:10.
     1>Project "C:\Users\acer\Documents\Visual Studio 2013\Projects\GameJam\SFMLGame.vcxproj" on node 2 (Build target(s)).
     1>ClCompile:
         C:\Program Files (x86)\Microsoft Visual Studio 12.0\VC\bin\CL.exe /c /I.\Box2D\include /I".\SFML-2.1\include" /Zi /nologo /W3 /WX- /sdl /O2 /Oi /Oy- /GL /D WIN32 /D NDEBUG /D _CONSOLE /D _LIB /D _UNICODE /D UNICODE /Gm- /EHsc /MD /GS /Gy /fp:precise /Zc:wchar_t /Zc:forScope /Fo"Release\\" /Fd"Release\vc120.pdb" /Gd /TP /analyze- /errorReport:prompt Game.cpp
         Game.cpp
     1>Game.cpp(47): warning C4244: 'argument' : conversion from 'int' to 'float', possible loss of data
     1>Game.cpp(242): warning C4244: 'argument' : conversion from 'int' to 'float', possible loss of data
       Link:
         C:\Program Files (x86)\Microsoft Visual Studio 12.0\VC\bin\link.exe /ERRORREPORT:PROMPT /OUT:"C:\Users\acer\Documents\Visual Studio 2013\Projects\GameJam\Release\SFML Game.exe" /INCREMENTAL:NO /NOLOGO /LIBPATH:.\Box2D\lib /LIBPATH:".\SFML-2.1\libs\Release" "sfml-graphics.lib" "sfml-window.lib" "sfml-system.lib" "sfml-audio.lib" kernel32.lib user32.lib gdi32.lib winspool.lib comdlg32.lib advapi32.lib shell32.lib ole32.lib oleaut32.lib uuid.lib odbc32.lib odbccp32.lib Box2D.lib /MANIFEST /MANIFESTUAC:"level='asInvoker' uiAccess='false'" /manifest:embed /DEBUG /PDB:"C:\Users\acer\Documents\Visual Studio 2013\Projects\GameJam\Release\SFML Game.pdb" /SUBSYSTEM:CONSOLE /OPT:REF /OPT:ICF /LTCG /TLBID:1 /DYNAMICBASE /NXCOMPAT /IMPLIB:"C:\Users\acer\Documents\Visual Studio 2013\Projects\GameJam\Release\SFML Game.lib" /MACHINE:X86 /SAFESEH Release\Animation.obj
         Release\Game.obj
         Release\main.obj
         Release\Menu.obj
         Release\MenuCredit.obj
         Release\MenuOptions.obj
         Release\Personnage.obj
         Release\ressourceManager.obj
         Release\Tiles.obj
         Generating code
         Finished generating code
         SFMLGame.vcxproj -> C:\Users\acer\Documents\Visual Studio 2013\Projects\GameJam\Release\SFML Game.exe
     1>Done Building Project "C:\Users\acer\Documents\Visual Studio 2013\Projects\GameJam\SFMLGame.vcxproj" (Build target(s)).

Build succeeded.

Time Elapsed 00:00:09.03
